running egg_info
creating build/simulator_comunication/simulator_comunication.egg-info
writing build/simulator_comunication/simulator_comunication.egg-info/PKG-INFO
writing dependency_links to build/simulator_comunication/simulator_comunication.egg-info/dependency_links.txt
writing entry points to build/simulator_comunication/simulator_comunication.egg-info/entry_points.txt
writing requirements to build/simulator_comunication/simulator_comunication.egg-info/requires.txt
writing top-level names to build/simulator_comunication/simulator_comunication.egg-info/top_level.txt
writing manifest file 'build/simulator_comunication/simulator_comunication.egg-info/SOURCES.txt'
reading manifest file 'build/simulator_comunication/simulator_comunication.egg-info/SOURCES.txt'
writing manifest file 'build/simulator_comunication/simulator_comunication.egg-info/SOURCES.txt'
running build
running build_py
creating /home/felipe_capovilla/Documents/E-Racing/Mapping/SLAM/src/simulator_comunication/build/simulator_comunication/build
creating /home/felipe_capovilla/Documents/E-Racing/Mapping/SLAM/src/simulator_comunication/build/simulator_comunication/build/lib
creating /home/felipe_capovilla/Documents/E-Racing/Mapping/SLAM/src/simulator_comunication/build/simulator_comunication/build/lib/simulator_comunication
copying simulator_comunication/main.py -> /home/felipe_capovilla/Documents/E-Racing/Mapping/SLAM/src/simulator_comunication/build/simulator_comunication/build/lib/simulator_comunication
copying simulator_comunication/__init__.py -> /home/felipe_capovilla/Documents/E-Racing/Mapping/SLAM/src/simulator_comunication/build/simulator_comunication/build/lib/simulator_comunication
running install
running install_lib
creating /home/felipe_capovilla/Documents/E-Racing/Mapping/SLAM/src/simulator_comunication/install/simulator_comunication/lib/python3.10/site-packages/simulator_comunication
copying /home/felipe_capovilla/Documents/E-Racing/Mapping/SLAM/src/simulator_comunication/build/simulator_comunication/build/lib/simulator_comunication/main.py -> /home/felipe_capovilla/Documents/E-Racing/Mapping/SLAM/src/simulator_comunication/install/simulator_comunication/lib/python3.10/site-packages/simulator_comunication
copying /home/felipe_capovilla/Documents/E-Racing/Mapping/SLAM/src/simulator_comunication/build/simulator_comunication/build/lib/simulator_comunication/__init__.py -> /home/felipe_capovilla/Documents/E-Racing/Mapping/SLAM/src/simulator_comunication/install/simulator_comunication/lib/python3.10/site-packages/simulator_comunication
byte-compiling /home/felipe_capovilla/Documents/E-Racing/Mapping/SLAM/src/simulator_comunication/install/simulator_comunication/lib/python3.10/site-packages/simulator_comunication/main.py to main.cpython-310.pyc
byte-compiling /home/felipe_capovilla/Documents/E-Racing/Mapping/SLAM/src/simulator_comunication/install/simulator_comunication/lib/python3.10/site-packages/simulator_comunication/__init__.py to __init__.cpython-310.pyc
running install_data
creating /home/felipe_capovilla/Documents/E-Racing/Mapping/SLAM/src/simulator_comunication/install/simulator_comunication/share/ament_index
creating /home/felipe_capovilla/Documents/E-Racing/Mapping/SLAM/src/simulator_comunication/install/simulator_comunication/share/ament_index/resource_index
creating /home/felipe_capovilla/Documents/E-Racing/Mapping/SLAM/src/simulator_comunication/install/simulator_comunication/share/ament_index/resource_index/packages
copying resource/simulator_comunication -> /home/felipe_capovilla/Documents/E-Racing/Mapping/SLAM/src/simulator_comunication/install/simulator_comunication/share/ament_index/resource_index/packages
copying package.xml -> /home/felipe_capovilla/Documents/E-Racing/Mapping/SLAM/src/simulator_comunication/install/simulator_comunication/share/simulator_comunication
running install_egg_info
Copying build/simulator_comunication/simulator_comunication.egg-info to /home/felipe_capovilla/Documents/E-Racing/Mapping/SLAM/src/simulator_comunication/install/simulator_comunication/lib/python3.10/site-packages/simulator_comunication-0.0.0-py3.10.egg-info
running install_scripts
Installing fsdsNode script to /home/felipe_capovilla/Documents/E-Racing/Mapping/SLAM/src/simulator_comunication/install/simulator_comunication/lib/simulator_comunication
writing list of installed files to '/home/felipe_capovilla/Documents/E-Racing/Mapping/SLAM/src/simulator_comunication/build/simulator_comunication/install.log'
