[0.057s] [34mcolcon[0m [1;30mDEBUG[0m [32mCommand line arguments: ['/usr/bin/colcon', 'build'][0m
[0.057s] [34mcolcon[0m [1;30mDEBUG[0m [32mParsed command line arguments: Namespace(log_base=None, log_level=None, verb_name='build', build_base='build', install_base='install', merge_install=False, symlink_install=False, test_result_base=None, continue_on_error=False, executor='parallel', parallel_workers=24, event_handlers=None, ignore_user_meta=False, metas=['./colcon.meta'], base_paths=['.'], packages_ignore=None, packages_ignore_regex=None, paths=None, packages_up_to=None, packages_up_to_regex=None, packages_above=None, packages_above_and_dependencies=None, packages_above_depth=None, packages_select_by_dep=None, packages_skip_by_dep=None, packages_skip_up_to=None, packages_select_build_failed=False, packages_skip_build_finished=False, packages_select_test_failures=False, packages_skip_test_passed=False, packages_select=None, packages_skip=None, packages_select_regex=None, packages_skip_regex=None, packages_start=None, packages_end=None, allow_overriding=[], cmake_args=None, cmake_target=None, cmake_target_skip_unavailable=False, cmake_clean_cache=False, cmake_clean_first=False, cmake_force_configure=False, ament_cmake_args=None, catkin_cmake_args=None, catkin_skip_building_tests=False, mixin_files=None, mixin=None, verb_parser=<colcon_mixin.mixin.mixin_argument.MixinArgumentDecorator object at 0x798b64f039a0>, verb_extension=<colcon_core.verb.build.BuildVerb object at 0x798b64f030a0>, main=<bound method BuildVerb.main of <colcon_core.verb.build.BuildVerb object at 0x798b64f030a0>>, mixin_verb=('build',))[0m
[0.149s] [34mcolcon.colcon_core.package_discovery[0m [1;30mLevel 1[0m discover_packages(colcon_meta) check parameters
[0.149s] [34mcolcon.colcon_core.package_discovery[0m [1;30mLevel 1[0m discover_packages(recursive) check parameters
[0.149s] [34mcolcon.colcon_core.package_discovery[0m [1;30mLevel 1[0m discover_packages(ignore) check parameters
[0.149s] [34mcolcon.colcon_core.package_discovery[0m [1;30mLevel 1[0m discover_packages(path) check parameters
[0.150s] [34mcolcon.colcon_core.package_discovery[0m [1;30mLevel 1[0m discover_packages(colcon_meta) discover
[0.150s] [34mcolcon.colcon_core.package_discovery[0m [1;30mLevel 1[0m discover_packages(recursive) discover
[0.150s] [34mcolcon.colcon_core.package_discovery[0m [1;30mINFO[0m Crawling recursively for packages in '/home/felipe_capovilla/Documents/E-Racing/Mapping/SLAM/src/simulator_comunication'
[0.150s] [34mcolcon.colcon_core.package_identification[0m [1;30mLevel 1[0m _identify(.) by extensions ['ignore', 'ignore_ament_install']
[0.150s] [34mcolcon.colcon_core.package_identification[0m [1;30mLevel 1[0m _identify(.) by extension 'ignore'
[0.150s] [34mcolcon.colcon_core.package_identification[0m [1;30mLevel 1[0m _identify(.) by extension 'ignore_ament_install'
[0.150s] [34mcolcon.colcon_core.package_identification[0m [1;30mLevel 1[0m _identify(.) by extensions ['colcon_pkg']
[0.150s] [34mcolcon.colcon_core.package_identification[0m [1;30mLevel 1[0m _identify(.) by extension 'colcon_pkg'
[0.150s] [34mcolcon.colcon_core.package_identification[0m [1;30mLevel 1[0m _identify(.) by extensions ['colcon_meta']
[0.150s] [34mcolcon.colcon_core.package_identification[0m [1;30mLevel 1[0m _identify(.) by extension 'colcon_meta'
[0.150s] [34mcolcon.colcon_core.package_identification[0m [1;30mLevel 1[0m _identify(.) by extensions ['ros']
[0.150s] [34mcolcon.colcon_core.package_identification[0m [1;30mLevel 1[0m _identify(.) by extension 'ros'
[0.162s] [34mcolcon.colcon_core.package_identification[0m [1;30mDEBUG[0m [32mPackage '.' with type 'ros.ament_python' and name 'simulator_comunication'[0m
[0.162s] [34mcolcon.colcon_core.package_discovery[0m [1;30mLevel 1[0m discover_packages(recursive) using defaults
[0.162s] [34mcolcon.colcon_core.package_discovery[0m [1;30mLevel 1[0m discover_packages(ignore) discover
[0.162s] [34mcolcon.colcon_core.package_discovery[0m [1;30mLevel 1[0m discover_packages(ignore) using defaults
[0.162s] [34mcolcon.colcon_core.package_discovery[0m [1;30mLevel 1[0m discover_packages(path) discover
[0.162s] [34mcolcon.colcon_core.package_discovery[0m [1;30mLevel 1[0m discover_packages(path) using defaults
[0.168s] [34mcolcon.colcon_core.package_discovery[0m [1;30mLevel 1[0m discover_packages(prefix_path) check parameters
[0.168s] [34mcolcon.colcon_core.package_discovery[0m [1;30mLevel 1[0m discover_packages(prefix_path) discover
[0.169s] [34mcolcon.colcon_installed_package_information.package_discovery[0m [1;30mDEBUG[0m [32mFound 275 installed packages in /opt/ros/humble[0m
[0.169s] [34mcolcon.colcon_core.package_discovery[0m [1;30mLevel 1[0m discover_packages(prefix_path) using defaults
[0.181s] [34mcolcon.colcon_core.verb[0m [1;30mLevel 5[0m set package 'simulator_comunication' build argument 'cmake_args' from command line to 'None'
[0.181s] [34mcolcon.colcon_core.verb[0m [1;30mLevel 5[0m set package 'simulator_comunication' build argument 'cmake_target' from command line to 'None'
[0.181s] [34mcolcon.colcon_core.verb[0m [1;30mLevel 5[0m set package 'simulator_comunication' build argument 'cmake_target_skip_unavailable' from command line to 'False'
[0.181s] [34mcolcon.colcon_core.verb[0m [1;30mLevel 5[0m set package 'simulator_comunication' build argument 'cmake_clean_cache' from command line to 'False'
[0.181s] [34mcolcon.colcon_core.verb[0m [1;30mLevel 5[0m set package 'simulator_comunication' build argument 'cmake_clean_first' from command line to 'False'
[0.181s] [34mcolcon.colcon_core.verb[0m [1;30mLevel 5[0m set package 'simulator_comunication' build argument 'cmake_force_configure' from command line to 'False'
[0.181s] [34mcolcon.colcon_core.verb[0m [1;30mLevel 5[0m set package 'simulator_comunication' build argument 'ament_cmake_args' from command line to 'None'
[0.181s] [34mcolcon.colcon_core.verb[0m [1;30mLevel 5[0m set package 'simulator_comunication' build argument 'catkin_cmake_args' from command line to 'None'
[0.181s] [34mcolcon.colcon_core.verb[0m [1;30mLevel 5[0m set package 'simulator_comunication' build argument 'catkin_skip_building_tests' from command line to 'False'
[0.181s] [34mcolcon.colcon_core.verb[0m [1;30mDEBUG[0m [32mBuilding package 'simulator_comunication' with the following arguments: {'ament_cmake_args': None, 'build_base': '/home/felipe_capovilla/Documents/E-Racing/Mapping/SLAM/src/simulator_comunication/build/simulator_comunication', 'catkin_cmake_args': None, 'catkin_skip_building_tests': False, 'cmake_args': None, 'cmake_clean_cache': False, 'cmake_clean_first': False, 'cmake_force_configure': False, 'cmake_target': None, 'cmake_target_skip_unavailable': False, 'install_base': '/home/felipe_capovilla/Documents/E-Racing/Mapping/SLAM/src/simulator_comunication/install/simulator_comunication', 'merge_install': False, 'path': '/home/felipe_capovilla/Documents/E-Racing/Mapping/SLAM/src/simulator_comunication', 'symlink_install': False, 'test_result_base': None}[0m
[0.182s] [34mcolcon.colcon_core.executor[0m [1;30mINFO[0m Executing jobs using 'parallel' executor
[0.182s] [34mcolcon.colcon_parallel_executor.executor.parallel[0m [1;30mDEBUG[0m [32mrun_until_complete[0m
[0.182s] [34mcolcon.colcon_ros.task.ament_python.build[0m [1;30mINFO[0m Building ROS package in '/home/felipe_capovilla/Documents/E-Racing/Mapping/SLAM/src/simulator_comunication' with build type 'ament_python'
[0.182s] [34mcolcon.colcon_core.shell[0m [1;30mLevel 1[0m create_environment_hook('simulator_comunication', 'ament_prefix_path')
[0.183s] [34mcolcon.colcon_core.plugin_system[0m [1;30mINFO[0m Skipping extension 'colcon_core.shell.bat': Not used on non-Windows systems
[0.183s] [34mcolcon.colcon_core.shell[0m [1;30mINFO[0m Creating environment hook '/home/felipe_capovilla/Documents/E-Racing/Mapping/SLAM/src/simulator_comunication/install/simulator_comunication/share/simulator_comunication/hook/ament_prefix_path.ps1'
[0.183s] [34mcolcon.colcon_core.shell[0m [1;30mINFO[0m Creating environment descriptor '/home/felipe_capovilla/Documents/E-Racing/Mapping/SLAM/src/simulator_comunication/install/simulator_comunication/share/simulator_comunication/hook/ament_prefix_path.dsv'
[0.184s] [34mcolcon.colcon_core.shell[0m [1;30mINFO[0m Creating environment hook '/home/felipe_capovilla/Documents/E-Racing/Mapping/SLAM/src/simulator_comunication/install/simulator_comunication/share/simulator_comunication/hook/ament_prefix_path.sh'
[0.184s] [34mcolcon.colcon_core.shell[0m [1;30mINFO[0m Skip shell extension 'powershell' for command environment: Not usable outside of PowerShell
[0.184s] [34mcolcon.colcon_core.shell[0m [1;30mDEBUG[0m [32mSkip shell extension 'dsv' for command environment[0m
[0.293s] [34mcolcon.colcon_core.task.python.build[0m [1;30mINFO[0m Building Python package in '/home/felipe_capovilla/Documents/E-Racing/Mapping/SLAM/src/simulator_comunication'
[0.294s] [34mcolcon.colcon_core.shell[0m [1;30mINFO[0m Skip shell extension 'powershell' for command environment: Not usable outside of PowerShell
[0.294s] [34mcolcon.colcon_core.shell[0m [1;30mDEBUG[0m [32mSkip shell extension 'dsv' for command environment[0m
[0.441s] [34mcolcon.colcon_core.event_handler.log_command[0m [1;30mDEBUG[0m [32mInvoking command in '/home/felipe_capovilla/Documents/E-Racing/Mapping/SLAM/src/simulator_comunication': PYTHONPATH=/home/felipe_capovilla/Documents/E-Racing/Mapping/SLAM/src/simulator_comunication/build/simulator_comunication/prefix_override:/usr/lib/python3/dist-packages/colcon_core/task/python/colcon_distutils_commands:/home/felipe_capovilla/Documents/E-Racing/Mapping/SLAM/src/simulator_comunication/install/simulator_comunication/lib/python3.10/site-packages:${PYTHONPATH} /usr/bin/python3 -W ignore:setup.py install is deprecated -W ignore:easy_install command is deprecated setup.py egg_info --egg-base build/simulator_comunication build --build-base /home/felipe_capovilla/Documents/E-Racing/Mapping/SLAM/src/simulator_comunication/build/simulator_comunication/build install --record /home/felipe_capovilla/Documents/E-Racing/Mapping/SLAM/src/simulator_comunication/build/simulator_comunication/install.log --single-version-externally-managed install_data[0m
[0.560s] [34mcolcon.colcon_core.event_handler.log_command[0m [1;30mDEBUG[0m [32mInvoked command in '/home/felipe_capovilla/Documents/E-Racing/Mapping/SLAM/src/simulator_comunication' returned '0': PYTHONPATH=/home/felipe_capovilla/Documents/E-Racing/Mapping/SLAM/src/simulator_comunication/build/simulator_comunication/prefix_override:/usr/lib/python3/dist-packages/colcon_core/task/python/colcon_distutils_commands:/home/felipe_capovilla/Documents/E-Racing/Mapping/SLAM/src/simulator_comunication/install/simulator_comunication/lib/python3.10/site-packages:${PYTHONPATH} /usr/bin/python3 -W ignore:setup.py install is deprecated -W ignore:easy_install command is deprecated setup.py egg_info --egg-base build/simulator_comunication build --build-base /home/felipe_capovilla/Documents/E-Racing/Mapping/SLAM/src/simulator_comunication/build/simulator_comunication/build install --record /home/felipe_capovilla/Documents/E-Racing/Mapping/SLAM/src/simulator_comunication/build/simulator_comunication/install.log --single-version-externally-managed install_data[0m
[0.561s] [34mcolcon.colcon_core.environment[0m [1;30mLevel 1[0m checking '/home/felipe_capovilla/Documents/E-Racing/Mapping/SLAM/src/simulator_comunication/install/simulator_comunication' for CMake module files
[0.561s] [34mcolcon.colcon_core.environment[0m [1;30mLevel 1[0m checking '/home/felipe_capovilla/Documents/E-Racing/Mapping/SLAM/src/simulator_comunication/install/simulator_comunication' for CMake config files
[0.561s] [34mcolcon.colcon_core.environment[0m [1;30mLevel 1[0m checking '/home/felipe_capovilla/Documents/E-Racing/Mapping/SLAM/src/simulator_comunication/install/simulator_comunication/lib'
[0.561s] [34mcolcon.colcon_core.environment[0m [1;30mLevel 1[0m checking '/home/felipe_capovilla/Documents/E-Racing/Mapping/SLAM/src/simulator_comunication/install/simulator_comunication/bin'
[0.562s] [34mcolcon.colcon_core.environment[0m [1;30mLevel 1[0m checking '/home/felipe_capovilla/Documents/E-Racing/Mapping/SLAM/src/simulator_comunication/install/simulator_comunication/lib/pkgconfig/simulator_comunication.pc'
[0.562s] [34mcolcon.colcon_core.environment[0m [1;30mLevel 1[0m checking '/home/felipe_capovilla/Documents/E-Racing/Mapping/SLAM/src/simulator_comunication/install/simulator_comunication/lib/python3.10/site-packages'
[0.562s] [34mcolcon.colcon_core.shell[0m [1;30mLevel 1[0m create_environment_hook('simulator_comunication', 'pythonpath')
[0.562s] [34mcolcon.colcon_core.shell[0m [1;30mINFO[0m Creating environment hook '/home/felipe_capovilla/Documents/E-Racing/Mapping/SLAM/src/simulator_comunication/install/simulator_comunication/share/simulator_comunication/hook/pythonpath.ps1'
[0.562s] [34mcolcon.colcon_core.shell[0m [1;30mINFO[0m Creating environment descriptor '/home/felipe_capovilla/Documents/E-Racing/Mapping/SLAM/src/simulator_comunication/install/simulator_comunication/share/simulator_comunication/hook/pythonpath.dsv'
[0.562s] [34mcolcon.colcon_core.shell[0m [1;30mINFO[0m Creating environment hook '/home/felipe_capovilla/Documents/E-Racing/Mapping/SLAM/src/simulator_comunication/install/simulator_comunication/share/simulator_comunication/hook/pythonpath.sh'
[0.562s] [34mcolcon.colcon_core.environment[0m [1;30mLevel 1[0m checking '/home/felipe_capovilla/Documents/E-Racing/Mapping/SLAM/src/simulator_comunication/install/simulator_comunication/bin'
[0.562s] [34mcolcon.colcon_core.environment[0m [1;30mLevel 1[0m create_environment_scripts_only(simulator_comunication)
[0.562s] [34mcolcon.colcon_core.shell[0m [1;30mINFO[0m Creating package script '/home/felipe_capovilla/Documents/E-Racing/Mapping/SLAM/src/simulator_comunication/install/simulator_comunication/share/simulator_comunication/package.ps1'
[0.563s] [34mcolcon.colcon_core.shell[0m [1;30mINFO[0m Creating package descriptor '/home/felipe_capovilla/Documents/E-Racing/Mapping/SLAM/src/simulator_comunication/install/simulator_comunication/share/simulator_comunication/package.dsv'
[0.563s] [34mcolcon.colcon_core.shell[0m [1;30mINFO[0m Creating package script '/home/felipe_capovilla/Documents/E-Racing/Mapping/SLAM/src/simulator_comunication/install/simulator_comunication/share/simulator_comunication/package.sh'
[0.563s] [34mcolcon.colcon_core.shell[0m [1;30mINFO[0m Creating package script '/home/felipe_capovilla/Documents/E-Racing/Mapping/SLAM/src/simulator_comunication/install/simulator_comunication/share/simulator_comunication/package.bash'
[0.563s] [34mcolcon.colcon_core.shell[0m [1;30mINFO[0m Creating package script '/home/felipe_capovilla/Documents/E-Racing/Mapping/SLAM/src/simulator_comunication/install/simulator_comunication/share/simulator_comunication/package.zsh'
[0.564s] [34mcolcon.colcon_core.environment[0m [1;30mLevel 1[0m create_file_with_runtime_dependencies(/home/felipe_capovilla/Documents/E-Racing/Mapping/SLAM/src/simulator_comunication/install/simulator_comunication/share/colcon-core/packages/simulator_comunication)
[0.564s] [34mcolcon.colcon_parallel_executor.executor.parallel[0m [1;30mDEBUG[0m [32mclosing loop[0m
[0.564s] [34mcolcon.colcon_parallel_executor.executor.parallel[0m [1;30mDEBUG[0m [32mloop closed[0m
[0.564s] [34mcolcon.colcon_parallel_executor.executor.parallel[0m [1;30mDEBUG[0m [32mrun_until_complete finished with '0'[0m
[0.564s] [34mcolcon.colcon_core.event_reactor[0m [1;30mDEBUG[0m [32mjoining thread[0m
[0.567s] [34mcolcon.colcon_core.plugin_system[0m [1;30mINFO[0m Skipping extension 'colcon_notification.desktop_notification.terminal_notifier': Not used on non-Darwin systems
[0.567s] [34mcolcon.colcon_core.plugin_system[0m [1;30mINFO[0m Skipping extension 'colcon_notification.desktop_notification.win32': Not used on non-Windows systems
[0.567s] [34mcolcon.colcon_notification.desktop_notification[0m [1;30mINFO[0m Sending desktop notification using 'notify2'
[0.573s] [34mcolcon.colcon_core.event_reactor[0m [1;30mDEBUG[0m [32mjoined thread[0m
[0.573s] [34mcolcon.colcon_core.shell[0m [1;30mINFO[0m Creating prefix script '/home/felipe_capovilla/Documents/E-Racing/Mapping/SLAM/src/simulator_comunication/install/local_setup.ps1'
[0.573s] [34mcolcon.colcon_core.shell[0m [1;30mINFO[0m Creating prefix util module '/home/felipe_capovilla/Documents/E-Racing/Mapping/SLAM/src/simulator_comunication/install/_local_setup_util_ps1.py'
[0.574s] [34mcolcon.colcon_core.shell[0m [1;30mINFO[0m Creating prefix chain script '/home/felipe_capovilla/Documents/E-Racing/Mapping/SLAM/src/simulator_comunication/install/setup.ps1'
[0.574s] [34mcolcon.colcon_core.shell[0m [1;30mINFO[0m Creating prefix script '/home/felipe_capovilla/Documents/E-Racing/Mapping/SLAM/src/simulator_comunication/install/local_setup.sh'
[0.574s] [34mcolcon.colcon_core.shell[0m [1;30mINFO[0m Creating prefix util module '/home/felipe_capovilla/Documents/E-Racing/Mapping/SLAM/src/simulator_comunication/install/_local_setup_util_sh.py'
[0.575s] [34mcolcon.colcon_core.shell[0m [1;30mINFO[0m Creating prefix chain script '/home/felipe_capovilla/Documents/E-Racing/Mapping/SLAM/src/simulator_comunication/install/setup.sh'
[0.575s] [34mcolcon.colcon_core.shell[0m [1;30mINFO[0m Creating prefix script '/home/felipe_capovilla/Documents/E-Racing/Mapping/SLAM/src/simulator_comunication/install/local_setup.bash'
[0.575s] [34mcolcon.colcon_core.shell[0m [1;30mINFO[0m Creating prefix chain script '/home/felipe_capovilla/Documents/E-Racing/Mapping/SLAM/src/simulator_comunication/install/setup.bash'
[0.575s] [34mcolcon.colcon_core.shell[0m [1;30mINFO[0m Creating prefix script '/home/felipe_capovilla/Documents/E-Racing/Mapping/SLAM/src/simulator_comunication/install/local_setup.zsh'
[0.575s] [34mcolcon.colcon_core.shell[0m [1;30mINFO[0m Creating prefix chain script '/home/felipe_capovilla/Documents/E-Racing/Mapping/SLAM/src/simulator_comunication/install/setup.zsh'
